<?xml version="1.0" encoding="UTF-8"?>
<!-- Generated by org.testng.reporters.JUnitReportReporter -->
<testsuite skipped="0" hostname="aishwarya" name="bookingtestmethod.LoginTest" tests="2" failures="0" timestamp="2022-01-21T16:04:25 IST" time="27.451" errors="0">
  <testcase name="booking" time="8.888" classname="bookingtestmethod.LoginTest"/>
  <system-out/>
  <testcase name="facebook" time="18.563" classname="bookingtestmethod.LoginTest"/>
  <system-out/>
</testsuite> <!-- bookingtestmethod.LoginTest -->
