<?xml version="1.0" encoding="UTF-8"?>
<!-- Generated by org.testng.reporters.JUnitReportReporter -->
<testsuite skipped="0" hostname="DESKTOP-7I3JI9L" name="bookingtestmethod.LoginTest" tests="1" failures="0" timestamp="2022-01-18T21:02:51 IST" time="35.617" errors="0">
  <testcase name="bookinglogin" time="35.617" classname="bookingtestmethod.LoginTest"/>
  <system-out/>
</testsuite> <!-- bookingtestmethod.LoginTest -->
